#
# A fatal error has been detected by the Java Runtime Environment:
#
#  SIGSEGV (0xb) at pc=0x00007f171061ae5a, pid=2816, tid=0x00007f16e0984700
#
# JRE version: Java(TM) SE Runtime Environment (8.0_144-b01) (build 1.8.0_144-b01)
# Java VM: Java HotSpot(TM) 64-Bit Server VM (25.144-b01 mixed mode linux-amd64 compressed oops)
# Problematic frame:
# V  [libjvm.so+0x6eee5a]  jni_GetLongField+0xaa
#
# Failed to write core dump. Core dumps have been disabled. To enable core dumping, try "ulimit -c unlimited" before starting Java again
#
# If you would like to submit a bug report, please visit:
#   http://bugreport.java.com/bugreport/crash.jsp
#

---------------  T H R E A D  ---------------

Current thread (0x00007f1708251000):  JavaThread "AWT-XAWT" daemon [_thread_in_vm, id=3017, stack(0x00007f16e0884000,0x00007f16e0985000)]

siginfo: si_signo: 11 (SIGSEGV), si_code: 1 (SEGV_MAPERR), si_addr: 0x0000000000000000

Registers:
RAX=0x00007f1710ee6cf9, RBX=0x00007f1708251000, RCX=0x00007f171191f2c0, RDX=0x00007f1710ef1d90
RSP=0x00007f16e09834e0, RBP=0x00007f16e0983510, RSI=0x0000000000000000, RDI=0x00007f17082511f8
R8 =0x0000000000000005, R9 =0x0000000000000005, R10=0x00007f16f901fc78, R11=0x00007f17108f3fa0
R12=0x0000000000000042, R13=0x0000000000000000, R14=0x00007f1710ef6b20, R15=0x00007f1710ef1da0
RIP=0x00007f171061ae5a, EFLAGS=0x0000000000010246, CSGSFS=0x0000000000000033, ERR=0x0000000000000004
  TRAPNO=0x000000000000000e

Top of Stack: (sp=0x00007f16e09834e0)
0x00007f16e09834e0:   00007f16e0983510 00007f17082511f8
0x00007f16e09834f0:   00007f1678099590 0000000000000000
0x00007f16e0983500:   00007f16e27157e0 00007f1708251000
0x00007f16e0983510:   00007f16e0983540 00007f16e24f3ee1
0x00007f16e0983520:   00007f170ca47a68 00007f1678099590
0x00007f16e0983530:   00007f170ca47a68 00007f16e0983628
0x00007f16e0983540:   0000000000000000 00007f16e1fd53c0
0x00007f16e0983550:   00007f170ca47a68 00007f16e0983580
0x00007f16e0983560:   0000000000000000 00007f16e1fccf93
0x00007f16e0983570:   00007f170ca47a68 00007f16e24ed11f
0x00007f16e0983580:   00007f16e09835f0 00007f16f901fca4
0x00007f16e0983590:   0000000000000000 0000000000000000
0x00007f16e09835a0:   00007f16e0983670 00007f16f926e894
0x00007f16e09835b0:   00007f16e09835b0 0000000000000000
0x00007f16e09835c0:   00007f16e0983628 00007f170ca4c370
0x00007f16e09835d0:   0000000000000000 00007f170ca47a68
0x00007f16e09835e0:   0000000000000000 00007f16e0983610
0x00007f16e09835f0:   00007f16e0983670 00007f16f9007b10
0x00007f16e0983600:   0000000085200000 00007f16f9016460
0x00007f16e0983610:   0000000000000000 00007f16e0983670
0x00007f16e0983620:   00007f1690001260 00000000d9000b48
0x00007f16e0983630:   00007f16e0983630 00007f170c9f33dc
0x00007f16e0983640:   00007f16e09836b8 00007f170ca0b748
0x00007f16e0983650:   0000000000000000 00007f170c9f3518
0x00007f16e0983660:   00007f16e0983610 00007f16e09836b0
0x00007f16e0983670:   00007f16e0983700 00007f16f900833d
0x00007f16e0983680:   0000000000000000 00000000d9087d28
0x00007f16e0983690:   00000000d9087b60 0000000000000000
0x00007f16e09836a0:   0000000000000000 00000000d9000b48
0x00007f16e09836b0:   0000000000000000 00000000d900a848
0x00007f16e09836c0:   00007f16e09836c0 00007f170c9f321d
0x00007f16e09836d0:   00007f16e0983710 00007f170ca0b748 

Instructions: (pc=0x00007f171061ae5a)
0x00007f171061ae3a:   a9 00 00 00 30 74 08 48 89 df e8 47 73 38 00 48
0x00007f171061ae4a:   8b 05 a0 ad 88 00 c7 83 70 02 00 00 06 00 00 00
0x00007f171061ae5a:   49 8b 55 00 80 38 00 0f 84 c1 00 00 00 48 8b 05
0x00007f171061ae6a:   aa 87 88 00 8b 72 08 8b 48 08 48 d3 e6 48 03 30 

Register to memory mapping:

RAX=0x00007f1710ee6cf9: <offset 0xfbacf9> in /usr/lib/jvm/java-8-oracle/jre/lib/amd64/server/libjvm.so at 0x00007f170ff2c000
RBX=0x00007f1708251000 is a thread
RCX=0x00007f171191f2c0: <offset 0x2182c0> in /lib/x86_64-linux-gnu/libpthread.so.0 at 0x00007f1711707000
RDX=0x00007f1710ef1d90: <offset 0xfc5d90> in /usr/lib/jvm/java-8-oracle/jre/lib/amd64/server/libjvm.so at 0x00007f170ff2c000
RSP=0x00007f16e09834e0 is pointing into the stack for thread: 0x00007f1708251000
RBP=0x00007f16e0983510 is pointing into the stack for thread: 0x00007f1708251000
RSI=0x0000000000000000 is an unknown value
RDI=0x00007f17082511f8 is an unknown value
R8 =0x0000000000000005 is an unknown value
R9 =0x0000000000000005 is an unknown value
R10=0x00007f16f901fc78 is at code_begin+1528 in an Interpreter codelet
method entry point (kind = native)  [0x00007f16f901f680, 0x00007f16f90205c0]  3904 bytes
R11=0x00007f17108f3fa0: <offset 0x9c7fa0> in /usr/lib/jvm/java-8-oracle/jre/lib/amd64/server/libjvm.so at 0x00007f170ff2c000
R12=0x0000000000000042 is an unknown value
R13=0x0000000000000000 is an unknown value
R14=0x00007f1710ef6b20: <offset 0xfcab20> in /usr/lib/jvm/java-8-oracle/jre/lib/amd64/server/libjvm.so at 0x00007f170ff2c000
R15=0x00007f1710ef1da0: <offset 0xfc5da0> in /usr/lib/jvm/java-8-oracle/jre/lib/amd64/server/libjvm.so at 0x00007f170ff2c000


Stack: [0x00007f16e0884000,0x00007f16e0985000],  sp=0x00007f16e09834e0,  free space=1021k
Native frames: (J=compiled Java code, j=interpreted, Vv=VM code, C=native code)
V  [libjvm.so+0x6eee5a]  jni_GetLongField+0xaa
C  [libawt_xawt.so+0x36ee1]  getX11InputMethodData+0x31
C  [libX11.so.6+0x643c0]  _XimServerDestroy+0x70

Java frames: (J=compiled Java code, j=interpreted, Vv=VM code)
j  sun.awt.X11.XlibWrapper.XFilterEvent(JJ)Z+0
j  sun.awt.X11.XToolkit.run(Z)V+300
j  sun.awt.X11.XToolkit.run()V+5
j  java.lang.Thread.run()V+11
v  ~StubRoutines::call_stub

---------------  P R O C E S S  ---------------

Java Threads: ( => current thread )
  0x00007f168c214800 JavaThread "main" [_thread_blocked, id=3150, stack(0x00007f167c1b8000,0x00007f167c2b9000)]
  0x00007f169002a800 JavaThread "AWT-EventQueue-0" [_thread_blocked, id=3135, stack(0x00007f16e007e000,0x00007f16e017f000)]
  0x00007f168c18c800 JavaThread "AWT-Shutdown" [_thread_blocked, id=3037, stack(0x00007f16e017f000,0x00007f16e0280000)]
  0x00007f170800c000 JavaThread "DestroyJavaVM" [_thread_blocked, id=2818, stack(0x00007f1711a1a000,0x00007f1711b1b000)]
  0x00007f1708257800 JavaThread "BlueJ worker thread" [_thread_blocked, id=3019, stack(0x00007f16e0682000,0x00007f16e0783000)]
=>0x00007f1708251000 JavaThread "AWT-XAWT" daemon [_thread_in_vm, id=3017, stack(0x00007f16e0884000,0x00007f16e0985000)]
  0x00007f170822f000 JavaThread "Java2D Disposer" daemon [_thread_blocked, id=3005, stack(0x00007f16e0d95000,0x00007f16e0e96000)]
  0x00007f17080e4800 JavaThread "Service Thread" daemon [_thread_blocked, id=2862, stack(0x00007f16e2ae9000,0x00007f16e2bea000)]
  0x00007f17080d9800 JavaThread "C1 CompilerThread3" daemon [_thread_blocked, id=2845, stack(0x00007f16e2bea000,0x00007f16e2ceb000)]
  0x00007f17080d7800 JavaThread "C2 CompilerThread2" daemon [_thread_blocked, id=2844, stack(0x00007f16e2ceb000,0x00007f16e2dec000)]
  0x00007f17080d5800 JavaThread "C2 CompilerThread1" daemon [_thread_blocked, id=2842, stack(0x00007f16e2dec000,0x00007f16e2eed000)]
  0x00007f17080d2800 JavaThread "C2 CompilerThread0" daemon [_thread_blocked, id=2841, stack(0x00007f16e2eed000,0x00007f16e2fee000)]
  0x00007f16b8001000 JavaThread "JDWP Command Reader" daemon [_thread_in_native, id=2836, stack(0x00007f16e2fee000,0x00007f16e30ef000)]
  0x00007f17080d0800 JavaThread "JDWP Event Helper Thread" daemon [_thread_blocked, id=2834, stack(0x00007f16e30ef000,0x00007f16e31f0000)]
  0x00007f17080cd000 JavaThread "JDWP Transport Listener: dt_socket" daemon [_thread_blocked, id=2832, stack(0x00007f16e31f0000,0x00007f16e32f1000)]
  0x00007f17080c0800 JavaThread "Signal Dispatcher" daemon [_thread_blocked, id=2831, stack(0x00007f16e34f5000,0x00007f16e35f6000)]
  0x00007f170808e800 JavaThread "Finalizer" daemon [_thread_blocked, id=2830, stack(0x00007f16e35f6000,0x00007f16e36f7000)]
  0x00007f170808a000 JavaThread "Reference Handler" daemon [_thread_blocked, id=2829, stack(0x00007f16e36f7000,0x00007f16e37f8000)]

Other Threads:
  0x00007f1708082000 VMThread [stack: 0x00007f16e37f8000,0x00007f16e38f9000] [id=2828]
  0x00007f17080e7800 WatcherThread [stack: 0x00007f16e29e8000,0x00007f16e2ae9000] [id=2870]

VM state:not at safepoint (normal execution)

VM Mutex/Monitor currently owned by a thread: None

Heap:
 PSYoungGen      total 36864K, used 36377K [0x00000000d7100000, 0x00000000d9a00000, 0x0000000100000000)
  eden space 31744K, 98% used [0x00000000d7100000,0x00000000d8f8ba60,0x00000000d9000000)
  from space 5120K, 99% used [0x00000000d9000000,0x00000000d94faa90,0x00000000d9500000)
  to   space 5120K, 0% used [0x00000000d9500000,0x00000000d9500000,0x00000000d9a00000)
 ParOldGen       total 84992K, used 11286K [0x0000000085200000, 0x000000008a500000, 0x00000000d7100000)
  object space 84992K, 13% used [0x0000000085200000,0x0000000085d058a0,0x000000008a500000)
 Metaspace       used 12120K, capacity 12374K, committed 12672K, reserved 1060864K
  class space    used 1316K, capacity 1395K, committed 1408K, reserved 1048576K

Card table byte_map: [0x00007f170dcd7000,0x00007f170e0af000] byte_map_base: 0x00007f170d8ae000

Marking Bits: (ParMarkBitMap*) 0x00007f1710ef5dc0
 Begin Bits: [0x00007f16e8290000, 0x00007f16ea148000)
 End Bits:   [0x00007f16ea148000, 0x00007f16ec000000)

Polling page: 0x00007f1711b46000

CodeCache: size=245760Kb used=2993Kb max_used=2993Kb free=242766Kb
 bounds [0x00007f16f9000000, 0x00007f16f92f0000, 0x00007f1708000000]
 total_blobs=1270 nmethods=744 adapters=448
 compilation: enabled

Compilation events (10 events):
Event: 4.559 Thread 0x00007f17080d9800  741       3       sun.java2d.xr.GrowableIntArray::addInt (13 bytes)
Event: 4.559 Thread 0x00007f17080d9800 nmethod 741 0x00007f16f92e9290 code [0x00007f16f92e9400, 0x00007f16f92e96c8]
Event: 4.653 Thread 0x00007f17080d9800  742       3       sun.java2d.xr.XRBackendNative::renderRectangles (36 bytes)
Event: 4.654 Thread 0x00007f17080d9800 nmethod 742 0x00007f16f92e9850 code [0x00007f16f92e99c0, 0x00007f16f92e9d68]
Event: 4.654 Thread 0x00007f17080d9800  743       1       sun.java2d.xr.GrowableIntArray::clear (6 bytes)
Event: 4.654 Thread 0x00007f17080d9800 nmethod 743 0x00007f16f92e9f10 code [0x00007f16f92ea060, 0x00007f16f92ea170]
Event: 4.654 Thread 0x00007f17080d9800  744       3       sun.java2d.xr.GrowableRectArray::pushRectValues (72 bytes)
Event: 4.655 Thread 0x00007f17080d9800 nmethod 744 0x00007f16f92ea1d0 code [0x00007f16f92ea340, 0x00007f16f92ea668]
Event: 4.657 Thread 0x00007f17080d9800  745   !   3       sun.awt.X11.XToolkit::callTimeoutTasks (220 bytes)
Event: 4.660 Thread 0x00007f17080d9800 nmethod 745 0x00007f16f92ea850 code [0x00007f16f92eac00, 0x00007f16f92ecab8]

GC Heap History (2 events):
Event: 3.351 GC heap before
{Heap before GC invocations=1 (full 0):
 PSYoungGen      total 36864K, used 31401K [0x00000000d7100000, 0x00000000d9a00000, 0x0000000100000000)
  eden space 31744K, 98% used [0x00000000d7100000,0x00000000d8faa4d8,0x00000000d9000000)
  from space 5120K, 0% used [0x00000000d9500000,0x00000000d9500000,0x00000000d9a00000)
  to   space 5120K, 0% used [0x00000000d9000000,0x00000000d9000000,0x00000000d9500000)
 ParOldGen       total 84992K, used 0K [0x0000000085200000, 0x000000008a500000, 0x00000000d7100000)
  object space 84992K, 0% used [0x0000000085200000,0x0000000085200000,0x000000008a500000)
 Metaspace       used 12033K, capacity 12310K, committed 12416K, reserved 1060864K
  class space    used 1315K, capacity 1395K, committed 1408K, reserved 1048576K
Event: 3.362 GC heap after
Heap after GC invocations=1 (full 0):
 PSYoungGen      total 36864K, used 5098K [0x00000000d7100000, 0x00000000d9a00000, 0x0000000100000000)
  eden space 31744K, 0% used [0x00000000d7100000,0x00000000d7100000,0x00000000d9000000)
  from space 5120K, 99% used [0x00000000d9000000,0x00000000d94faa90,0x00000000d9500000)
  to   space 5120K, 0% used [0x00000000d9500000,0x00000000d9500000,0x00000000d9a00000)
 ParOldGen       total 84992K, used 11286K [0x0000000085200000, 0x000000008a500000, 0x00000000d7100000)
  object space 84992K, 13% used [0x0000000085200000,0x0000000085d058a0,0x000000008a500000)
 Metaspace       used 12033K, capacity 12310K, committed 12416K, reserved 1060864K
  class space    used 1315K, capacity 1395K, committed 1408K, reserved 1048576K
}

Deoptimization events (0 events):
No events

Internal exceptions (10 events):
Event: 0.024 Thread 0x00007f170800c000 Exception <a 'java/lang/NoSuchMethodError': Method sun.misc.Unsafe.defineClass(Ljava/lang/String;[BII)Ljava/lang/Class; name or signature does not match> (0x00000000d7107ca8) thrown at [/HUDSON3/workspace/8-2-build-linux-amd64/jdk8u144/9417/hotspot/src/sh
Event: 0.024 Thread 0x00007f170800c000 Exception <a 'java/lang/NoSuchMethodError': Method sun.misc.Unsafe.prefetchRead(Ljava/lang/Object;J)V name or signature does not match> (0x00000000d7107f90) thrown at [/HUDSON3/workspace/8-2-build-linux-amd64/jdk8u144/9417/hotspot/src/share/vm/prims/jni.c
Event: 0.495 Thread 0x00007f170800c000 Exception <a 'java/security/PrivilegedActionException'> (0x00000000d72f5038) thrown at [/HUDSON3/workspace/8-2-build-linux-amd64/jdk8u144/9417/hotspot/src/share/vm/prims/jvm.cpp, line 1390]
Event: 0.495 Thread 0x00007f170800c000 Exception <a 'java/security/PrivilegedActionException'> (0x00000000d72f5248) thrown at [/HUDSON3/workspace/8-2-build-linux-amd64/jdk8u144/9417/hotspot/src/share/vm/prims/jvm.cpp, line 1390]
Event: 0.495 Thread 0x00007f170800c000 Exception <a 'java/security/PrivilegedActionException'> (0x00000000d72f76b0) thrown at [/HUDSON3/workspace/8-2-build-linux-amd64/jdk8u144/9417/hotspot/src/share/vm/prims/jvm.cpp, line 1390]
Event: 0.495 Thread 0x00007f170800c000 Exception <a 'java/security/PrivilegedActionException'> (0x00000000d72f78c0) thrown at [/HUDSON3/workspace/8-2-build-linux-amd64/jdk8u144/9417/hotspot/src/share/vm/prims/jvm.cpp, line 1390]
Event: 0.530 Thread 0x00007f170800c000 Exception <a 'java/lang/NoSuchFieldError': method resolution failed> (0x00000000d73c3158) thrown at [/HUDSON3/workspace/8-2-build-linux-amd64/jdk8u144/9417/hotspot/src/share/vm/prims/methodHandles.cpp, line 1146]
Event: 0.531 Thread 0x00007f170800c000 Exception <a 'java/lang/NoSuchFieldError': method resolution failed> (0x00000000d73d0928) thrown at [/HUDSON3/workspace/8-2-build-linux-amd64/jdk8u144/9417/hotspot/src/share/vm/prims/methodHandles.cpp, line 1146]
Event: 0.553 Thread 0x00007f170800c000 Exception <a 'java/io/FileNotFoundException'> (0x00000000d744f798) thrown at [/HUDSON3/workspace/8-2-build-linux-amd64/jdk8u144/9417/hotspot/src/share/vm/prims/jni.cpp, line 709]
Event: 0.553 Thread 0x00007f170800c000 Exception <a 'java/io/FileNotFoundException'> (0x00000000d7450138) thrown at [/HUDSON3/workspace/8-2-build-linux-amd64/jdk8u144/9417/hotspot/src/share/vm/prims/jni.cpp, line 709]

Events (10 events):
Event: 4.444 Executing VM operation: EnableBiasedLocking
Event: 4.445 Executing VM operation: EnableBiasedLocking done
Event: 4.753 Thread 0x00007f168c214800 Thread added: 0x00007f168c214800
Event: 4.755 Thread 0x00007f1694001800 Thread exited: 0x00007f1694001800
Event: 7.779 Thread 0x00007f168c0fd000 Thread exited: 0x00007f168c0fd000
Event: 7.779 Thread 0x00007f168c0fc000 Thread exited: 0x00007f168c0fc000
Event: 23.154 loading class sun/awt/X11/XkbEvent
Event: 23.154 loading class sun/awt/X11/XkbEvent done
Event: 23.154 loading class sun/awt/X11/XkbAnyEvent
Event: 23.155 loading class sun/awt/X11/XkbAnyEvent done


Dynamic libraries:
00400000-00401000 r-xp 00000000 08:02 5914236                            /usr/lib/jvm/java-8-oracle/jre/bin/java
00600000-00601000 rw-p 00000000 08:02 5914236                            /usr/lib/jvm/java-8-oracle/jre/bin/java
0161e000-0163f000 rw-p 00000000 00:00 0                                  [heap]
85200000-8a500000 rw-p 00000000 00:00 0 
8a500000-d7100000 ---p 00000000 00:00 0 
d7100000-d9a00000 rw-p 00000000 00:00 0 
d9a00000-100000000 ---p 00000000 00:00 0 
100000000-100160000 rw-p 00000000 00:00 0 
100160000-140000000 ---p 00000000 00:00 0 
7f1674000000-7f1674021000 rw-p 00000000 00:00 0 
7f1674021000-7f1678000000 ---p 00000000 00:00 0 
7f1678000000-7f16782f8000 rw-p 00000000 00:00 0 
7f16782f8000-7f167c000000 ---p 00000000 00:00 0 
7f167c1b8000-7f167c1bb000 ---p 00000000 00:00 0 
7f167c1bb000-7f167c2b9000 rw-p 00000000 00:00 0 
7f167c2b9000-7f167c4b9000 rw-s 00000000 00:05 3407885                    /SYSV00000000 (deleted)
7f167c4b9000-7f167c522000 r-xp 00000000 08:02 5914081                    /usr/lib/jvm/java-8-oracle/jre/lib/amd64/libt2k.so
7f167c522000-7f167c722000 ---p 00069000 08:02 5914081                    /usr/lib/jvm/java-8-oracle/jre/lib/amd64/libt2k.so
7f167c722000-7f167c729000 rw-p 00069000 08:02 5914081                    /usr/lib/jvm/java-8-oracle/jre/lib/amd64/libt2k.so
7f167c729000-7f167c739000 rw-p 00000000 00:00 0 
7f167c739000-7f167c74a000 r-xp 00000000 08:02 5914055                    /usr/lib/jvm/java-8-oracle/jre/lib/amd64/libnio.so
7f167c74a000-7f167c949000 ---p 00011000 08:02 5914055                    /usr/lib/jvm/java-8-oracle/jre/lib/amd64/libnio.so
7f167c949000-7f167c94a000 rw-p 00010000 08:02 5914055                    /usr/lib/jvm/java-8-oracle/jre/lib/amd64/libnio.so
7f167c94a000-7f167ca4a000 rw-p 00000000 00:00 0 
7f167ca4a000-7f167cb4a000 ---p 00000000 00:00 0 
7f167cb4a000-7f167fb4b000 rw-p 00000000 00:00 0 
7f167fb4b000-7f167fb61000 r-xp 00000000 08:02 5914030                    /usr/lib/jvm/java-8-oracle/jre/lib/amd64/libnet.so
7f167fb61000-7f167fd61000 ---p 00016000 08:02 5914030                    /usr/lib/jvm/java-8-oracle/jre/lib/amd64/libnet.so
7f167fd61000-7f167fd62000 rw-p 00016000 08:02 5914030                    /usr/lib/jvm/java-8-oracle/jre/lib/amd64/libnet.so
7f167fd62000-7f167fd6b000 r-xp 00000000 08:02 5914066                    /usr/lib/jvm/java-8-oracle/jre/lib/amd64/libmanagement.so
7f167fd6b000-7f167ff6a000 ---p 00009000 08:02 5914066                    /usr/lib/jvm/java-8-oracle/jre/lib/amd64/libmanagement.so
7f167ff6a000-7f167ff6b000 rw-p 00008000 08:02 5914066                    /usr/lib/jvm/java-8-oracle/jre/lib/amd64/libmanagement.so
7f167ff6b000-7f1680000000 r--s 01110000 08:02 5914096                    /usr/lib/jvm/java-8-oracle/jre/lib/ext/jfxrt.jar
7f1680000000-7f1680066000 rw-p 00000000 00:00 0 
7f1680066000-7f1684000000 ---p 00000000 00:00 0 
7f1684000000-7f1684021000 rw-p 00000000 00:00 0 
7f1684021000-7f1688000000 ---p 00000000 00:00 0 
7f1688000000-7f1688021000 rw-p 00000000 00:00 0 
7f1688021000-7f168c000000 ---p 00000000 00:00 0 
7f168c000000-7f168c398000 rw-p 00000000 00:00 0 
7f168c398000-7f1690000000 ---p 00000000 00:00 0 
7f1690000000-7f16902da000 rw-p 00000000 00:00 0 
7f16902da000-7f1694000000 ---p 00000000 00:00 0 
7f1694000000-7f16940ac000 rw-p 00000000 00:00 0 
7f16940ac000-7f1698000000 ---p 00000000 00:00 0 
7f1698000000-7f1698021000 rw-p 00000000 00:00 0 
7f1698021000-7f169c000000 ---p 00000000 00:00 0 
7f169c000000-7f169c021000 rw-p 00000000 00:00 0 
7f169c021000-7f16a0000000 ---p 00000000 00:00 0 
7f16a0000000-7f16a048c000 rw-p 00000000 00:00 0 
7f16a048c000-7f16a4000000 ---p 00000000 00:00 0 
7f16a4000000-7f16a4021000 rw-p 00000000 00:00 0 
7f16a4021000-7f16a8000000 ---p 00000000 00:00 0 
7f16a8000000-7f16a83cb000 rw-p 00000000 00:00 0 
7f16a83cb000-7f16ac000000 ---p 00000000 00:00 0 
7f16ac000000-7f16ac5bc000 rw-p 00000000 00:00 0 
7f16ac5bc000-7f16b0000000 ---p 00000000 00:00 0 
7f16b0000000-7f16b0021000 rw-p 00000000 00:00 0 
7f16b0021000-7f16b4000000 ---p 00000000 00:00 0 
7f16b4000000-7f16b48d3000 rw-p 00000000 00:00 0 
7f16b48d3000-7f16b8000000 ---p 00000000 00:00 0 
7f16b8000000-7f16b8021000 rw-p 00000000 00:00 0 
7f16b8021000-7f16bc000000 ---p 00000000 00:00 0 
7f16bc000000-7f16bc02f000 rw-p 00000000 00:00 0 
7f16bc02f000-7f16c0000000 ---p 00000000 00:00 0 
7f16c0000000-7f16c0021000 rw-p 00000000 00:00 0 
7f16c0021000-7f16c4000000 ---p 00000000 00:00 0 
7f16c4000000-7f16c4021000 rw-p 00000000 00:00 0 
7f16c4021000-7f16c8000000 ---p 00000000 00:00 0 
7f16c8000000-7f16c8021000 rw-p 00000000 00:00 0 
7f16c8021000-7f16cc000000 ---p 00000000 00:00 0 
7f16cc000000-7f16cc021000 rw-p 00000000 00:00 0 
7f16cc021000-7f16d0000000 ---p 00000000 00:00 0 
7f16d0000000-7f16d0021000 rw-p 00000000 00:00 0 
7f16d0021000-7f16d4000000 ---p 00000000 00:00 0 
7f16d4000000-7f16d4021000 rw-p 00000000 00:00 0 
7f16d4021000-7f16d8000000 ---p 00000000 00:00 0 
7f16d8000000-7f16d8021000 rw-p 00000000 00:00 0 
7f16d8021000-7f16dc000000 ---p 00000000 00:00 0 
7f16dc000000-7f16dc021000 rw-p 00000000 00:00 0 
7f16dc021000-7f16e0000000 ---p 00000000 00:00 0 
7f16e007e000-7f16e0081000 ---p 00000000 00:00 0 
7f16e0081000-7f16e017f000 rw-p 00000000 00:00 0 
7f16e017f000-7f16e0182000 ---p 00000000 00:00 0 
7f16e0182000-7f16e0480000 rw-p 00000000 00:00 0 
7f16e0480000-7f16e0483000 ---p 00000000 00:00 0 
7f16e0483000-7f16e0581000 rw-p 00000000 00:00 0 
7f16e0581000-7f16e0584000 ---p 00000000 00:00 0 
7f16e0584000-7f16e0682000 rw-p 00000000 00:00 0 
7f16e0682000-7f16e0685000 ---p 00000000 00:00 0 
7f16e0685000-7f16e0783000 rw-p 00000000 00:00 0 
7f16e0783000-7f16e0786000 ---p 00000000 00:00 0 
7f16e0786000-7f16e0884000 rw-p 00000000 00:00 0 
7f16e0884000-7f16e0887000 ---p 00000000 00:00 0 
7f16e0887000-7f16e0985000 rw-p 00000000 00:00 0 
7f16e0985000-7f16e098a000 r-xp 00000000 08:02 5775762                    /usr/lib/x86_64-linux-gnu/libXfixes.so.3.1.0
7f16e098a000-7f16e0b89000 ---p 00005000 08:02 5775762                    /usr/lib/x86_64-linux-gnu/libXfixes.so.3.1.0
7f16e0b89000-7f16e0b8a000 r--p 00004000 08:02 5775762                    /usr/lib/x86_64-linux-gnu/libXfixes.so.3.1.0
7f16e0b8a000-7f16e0b8b000 rw-p 00005000 08:02 5775762                    /usr/lib/x86_64-linux-gnu/libXfixes.so.3.1.0
7f16e0b8b000-7f16e0b94000 r-xp 00000000 08:02 5775754                    /usr/lib/x86_64-linux-gnu/libXcursor.so.1.0.2
7f16e0b94000-7f16e0d93000 ---p 00009000 08:02 5775754                    /usr/lib/x86_64-linux-gnu/libXcursor.so.1.0.2
7f16e0d93000-7f16e0d94000 r--p 00008000 08:02 5775754                    /usr/lib/x86_64-linux-gnu/libXcursor.so.1.0.2
7f16e0d94000-7f16e0d95000 rw-p 00009000 08:02 5775754                    /usr/lib/x86_64-linux-gnu/libXcursor.so.1.0.2
7f16e0d95000-7f16e0d98000 ---p 00000000 00:00 0 
7f16e0d98000-7f16e0e96000 rw-p 00000000 00:00 0 
7f16e0e96000-7f16e0eac000 r-xp 00000000 08:02 1315351                    /lib/x86_64-linux-gnu/libgcc_s.so.1
7f16e0eac000-7f16e10ab000 ---p 00016000 08:02 1315351                    /lib/x86_64-linux-gnu/libgcc_s.so.1
7f16e10ab000-7f16e10ac000 rw-p 00015000 08:02 1315351                    /lib/x86_64-linux-gnu/libgcc_s.so.1
7f16e10ac000-7f16e1111000 r-xp 00000000 08:02 5914049                    /usr/lib/jvm/java-8-oracle/jre/lib/amd64/libfontmanager.so
7f16e1111000-7f16e1310000 ---p 00065000 08:02 5914049                    /usr/lib/jvm/java-8-oracle/jre/lib/amd64/libfontmanager.so
7f16e1310000-7f16e1315000 rw-p 00064000 08:02 5914049                    /usr/lib/jvm/java-8-oracle/jre/lib/amd64/libfontmanager.so
7f16e1315000-7f16e1325000 rw-p 00000000 00:00 0 
7f16e1325000-7f16e132a000 r-xp 00000000 08:02 5775758                    /usr/lib/x86_64-linux-gnu/libXdmcp.so.6.0.0
7f16e132a000-7f16e1529000 ---p 00005000 08:02 5775758                    /usr/lib/x86_64-linux-gnu/libXdmcp.so.6.0.0
7f16e1529000-7f16e152a000 r--p 00004000 08:02 5775758                    /usr/lib/x86_64-linux-gnu/libXdmcp.so.6.0.0
7f16e152a000-7f16e152b000 rw-p 00005000 08:02 5775758                    /usr/lib/x86_64-linux-gnu/libXdmcp.so.6.0.0
7f16e152b000-7f16e152d000 r-xp 00000000 08:02 5775747                    /usr/lib/x86_64-linux-gnu/libXau.so.6.0.0
7f16e152d000-7f16e172d000 ---p 00002000 08:02 5775747                    /usr/lib/x86_64-linux-gnu/libXau.so.6.0.0
7f16e172d000-7f16e172e000 r--p 00002000 08:02 5775747                    /usr/lib/x86_64-linux-gnu/libXau.so.6.0.0
7f16e172e000-7f16e172f000 rw-p 00003000 08:02 5775747                    /usr/lib/x86_64-linux-gnu/libXau.so.6.0.0
7f16e172f000-7f16e1750000 r-xp 00000000 08:02 5777125                    /usr/lib/x86_64-linux-gnu/libxcb.so.1.1.0
7f16e1750000-7f16e194f000 ---p 00021000 08:02 5777125                    /usr/lib/x86_64-linux-gnu/libxcb.so.1.1.0
7f16e194f000-7f16e1950000 r--p 00020000 08:02 5777125                    /usr/lib/x86_64-linux-gnu/libxcb.so.1.1.0
7f16e1950000-7f16e1951000 rw-p 00021000 08:02 5777125                    /usr/lib/x86_64-linux-gnu/libxcb.so.1.1.0
7f16e1951000-7f16e1960000 r-xp 00000000 08:02 5775768                    /usr/lib/x86_64-linux-gnu/libXi.so.6.1.0
7f16e1960000-7f16e1b5f000 ---p 0000f000 08:02 5775768                    /usr/lib/x86_64-linux-gnu/libXi.so.6.1.0
7f16e1b5f000-7f16e1b60000 r--p 0000e000 08:02 5775768                    /usr/lib/x86_64-linux-gnu/libXi.so.6.1.0
7f16e1b60000-7f16e1b61000 rw-p 0000f000 08:02 5775768                    /usr/lib/x86_64-linux-gnu/libXi.so.6.1.0
7f16e1b61000-7f16e1b66000 r-xp 00000000 08:02 5775786                    /usr/lib/x86_64-linux-gnu/libXtst.so.6.1.0
7f16e1b66000-7f16e1d65000 ---p 00005000 08:02 5775786                    /usr/lib/x86_64-linux-gnu/libXtst.so.6.1.0
7f16e1d65000-7f16e1d66000 r--p 00004000 08:02 5775786                    /usr/lib/x86_64-linux-gnu/libXtst.so.6.1.0
7f16e1d66000-7f16e1d67000 rw-p 00005000 08:02 5775786                    /usr/lib/x86_64-linux-gnu/libXtst.so.6.1.0
7f16e1d67000-7f16e1d70000 r-xp 00000000 08:02 5775780                    /usr/lib/x86_64-linux-gnu/libXrender.so.1.3.0
7f16e1d70000-7f16e1f6f000 ---p 00009000 08:02 5775780                    /usr/lib/x86_64-linux-gnu/libXrender.so.1.3.0
7f16e1f6f000-7f16e1f70000 r--p 00008000 08:02 5775780                    /usr/lib/x86_64-linux-gnu/libXrender.so.1.3.0
7f16e1f70000-7f16e1f71000 rw-p 00009000 08:02 5775780                    /usr/lib/x86_64-linux-gnu/libXrender.so.1.3.0
7f16e1f71000-7f16e20a6000 r-xp 00000000 08:02 5775743                    /usr/lib/x86_64-linux-gnu/libX11.so.6.3.0
7f16e20a6000-7f16e22a6000 ---p 00135000 08:02 5775743                    /usr/lib/x86_64-linux-gnu/libX11.so.6.3.0
7f16e22a6000-7f16e22a7000 r--p 00135000 08:02 5775743                    /usr/lib/x86_64-linux-gnu/libX11.so.6.3.0
7f16e22a7000-7f16e22ab000 rw-p 00136000 08:02 5775743                    /usr/lib/x86_64-linux-gnu/libX11.so.6.3.0
7f16e22ab000-7f16e22bc000 r-xp 00000000 08:02 5775760                    /usr/lib/x86_64-linux-gnu/libXext.so.6.4.0
7f16e22bc000-7f16e24bb000 ---p 00011000 08:02 5775760                    /usr/lib/x86_64-linux-gnu/libXext.so.6.4.0
7f16e24bb000-7f16e24bc000 r--p 00010000 08:02 5775760                    /usr/lib/x86_64-linux-gnu/libXext.so.6.4.0
7f16e24bc000-7f16e24bd000 rw-p 00011000 08:02 5775760                    /usr/lib/x86_64-linux-gnu/libXext.so.6.4.0
7f16e24bd000-7f16e2511000 r-xp 00000000 08:02 5914057                    /usr/lib/jvm/java-8-oracle/jre/lib/amd64/libawt_xawt.so
7f16e2511000-7f16e2711000 ---p 00054000 08:02 5914057                    /usr/lib/jvm/java-8-oracle/jre/lib/amd64/libawt_xawt.so
7f16e2711000-7f16e2715000 rw-p 00054000 08:02 5914057                    /usr/lib/jvm/java-8-oracle/jre/lib/amd64/libawt_xawt.so
7f16e2715000-7f16e2716000 rw-p 00000000 00:00 0 
7f16e2716000-7f16e27b8000 r-xp 00000000 08:02 5914084                    /usr/lib/jvm/java-8-oracle/jre/lib/amd64/libawt.so
7f16e27b8000-7f16e29b8000 ---p 000a2000 08:02 5914084                    /usr/lib/jvm/java-8-oracle/jre/lib/amd64/libawt.so
7f16e29b8000-7f16e29c4000 rw-p 000a2000 08:02 5914084                    /usr/lib/jvm/java-8-oracle/jre/lib/amd64/libawt.so
7f16e29c4000-7f16e29e8000 rw-p 00000000 00:00 0 
7f16e29e8000-7f16e29e9000 ---p 00000000 00:00 0 
7f16e29e9000-7f16e2ae9000 rw-p 00000000 00:00 0 
7f16e2ae9000-7f16e2aec000 ---p 00000000 00:00 0 
7f16e2aec000-7f16e2bea000 rw-p 00000000 00:00 0 
7f16e2bea000-7f16e2bed000 ---p 00000000 00:00 0 
7f16e2bed000-7f16e2ceb000 rw-p 00000000 00:00 0 
7f16e2ceb000-7f16e2cee000 ---p 00000000 00:00 0 
7f16e2cee000-7f16e2dec000 rw-p 00000000 00:00 0 
7f16e2dec000-7f16e2def000 ---p 00000000 00:00 0 
7f16e2def000-7f16e2eed000 rw-p 00000000 00:00 0 
7f16e2eed000-7f16e2ef0000 ---p 00000000 00:00 0 
7f16e2ef0000-7f16e2fee000 rw-p 00000000 00:00 0 
7f16e2fee000-7f16e2ff1000 ---p 00000000 00:00 0 
7f16e2ff1000-7f16e30ef000 rw-p 00000000 00:00 0 
7f16e30ef000-7f16e30f2000 ---p 00000000 00:00 0 
7f16e30f2000-7f16e31f0000 rw-p 00000000 00:00 0 
7f16e31f0000-7f16e31f3000 ---p 00000000 00:00 0 
7f16e31f3000-7f16e32f1000 rw-p 00000000 00:00 0 
7f16e32f1000-7f16e32f5000 r-xp 00000000 08:02 5914069                    /usr/lib/jvm/java-8-oracle/jre/lib/amd64/libdt_socket.so
7f16e32f5000-7f16e34f4000 ---p 00004000 08:02 5914069                    /usr/lib/jvm/java-8-oracle/jre/lib/amd64/libdt_socket.so
7f16e34f4000-7f16e34f5000 rw-p 00003000 08:02 5914069                    /usr/lib/jvm/java-8-oracle/jre/lib/amd64/libdt_socket.so
7f16e34f5000-7f16e34f8000 ---p 00000000 00:00 0 
7f16e34f8000-7f16e35f6000 rw-p 00000000 00:00 0 
7f16e35f6000-7f16e35f9000 ---p 00000000 00:00 0 
7f16e35f9000-7f16e36f7000 rw-p 00000000 00:00 0 
7f16e36f7000-7f16e36fa000 ---p 00000000 00:00 0 
7f16e36fa000-7f16e37f8000 rw-p 00000000 00:00 0 
7f16e37f8000-7f16e37f9000 ---p 00000000 00:00 0 
7f16e37f9000-7f16e4000000 rw-p 00000000 00:00 0 
7f16e4000000-7f16e4021000 rw-p 00000000 00:00 0 
7f16e4021000-7f16e8000000 ---p 00000000 00:00 0 
7f16e808e000-7f16ec000000 rw-p 00000000 00:00 0 
7f16ec000000-7f16ec021000 rw-p 00000000 00:00 0 
7f16ec021000-7f16f0000000 ---p 00000000 00:00 0 
7f16f0000000-7f16f0021000 rw-p 00000000 00:00 0 
7f16f0021000-7f16f4000000 ---p 00000000 00:00 0 
7f16f4000000-7f16f4021000 rw-p 00000000 00:00 0 
7f16f4021000-7f16f8000000 ---p 00000000 00:00 0 
7f16f8082000-7f16f8089000 r--s 00031000 08:02 5771974                    /usr/share/bluej/userlib/pi4j-device.jar
7f16f8089000-7f16f8090000 r--s 0007d000 08:02 5772114                    /usr/share/bluej/userlib/pi4j-core.jar
7f16f8090000-7f16f80af000 r--s 00262000 08:02 5770901                    /usr/share/bluej/bluejcore.jar
7f16f80af000-7f16f9000000 rw-p 00000000 00:00 0 
7f16f9000000-7f16f92f0000 rwxp 00000000 00:00 0 
7f16f92f0000-7f1708000000 ---p 00000000 00:00 0 
7f1708000000-7f170825a000 rw-p 00000000 00:00 0 
7f170825a000-7f170c000000 ---p 00000000 00:00 0 
7f170c000000-7f170c418000 rw-p 00000000 00:00 0 
7f170c418000-7f170c5f2000 r--s 03d4d000 08:02 5913974                    /usr/lib/jvm/java-8-oracle/jre/lib/rt.jar
7f170c5f2000-7f170d23f000 rw-p 00000000 00:00 0 
7f170d23f000-7f170d240000 ---p 00000000 00:00 0 
7f170d240000-7f170d340000 rw-p 00000000 00:00 0 
7f170d340000-7f170d341000 ---p 00000000 00:00 0 
7f170d341000-7f170d441000 rw-p 00000000 00:00 0 
7f170d441000-7f170d442000 ---p 00000000 00:00 0 
7f170d442000-7f170d542000 rw-p 00000000 00:00 0 
7f170d542000-7f170d543000 ---p 00000000 00:00 0 
7f170d543000-7f170d643000 rw-p 00000000 00:00 0 
7f170d643000-7f170d644000 ---p 00000000 00:00 0 
7f170d644000-7f170d744000 rw-p 00000000 00:00 0 
7f170d744000-7f170d745000 ---p 00000000 00:00 0 
7f170d745000-7f170d845000 rw-p 00000000 00:00 0 
7f170d845000-7f170d846000 ---p 00000000 00:00 0 
7f170d846000-7f170d946000 rw-p 00000000 00:00 0 
7f170d946000-7f170d947000 ---p 00000000 00:00 0 
7f170d947000-7f170da71000 rw-p 00000000 00:00 0 
7f170da71000-7f170dcd7000 ---p 00000000 00:00 0 
7f170dcd7000-7f170dd01000 rw-p 00000000 00:00 0 
7f170dd01000-7f170df66000 ---p 00000000 00:00 0 
7f170df66000-7f170df7b000 rw-p 00000000 00:00 0 
7f170df7b000-7f170e0ae000 ---p 00000000 00:00 0 
7f170e0ae000-7f170e0bb000 rw-p 00000000 00:00 0 
7f170e0bb000-7f170e46f000 ---p 00000000 00:00 0 
7f170e46f000-7f170e489000 r-xp 00000000 08:02 5914053                    /usr/lib/jvm/java-8-oracle/jre/lib/amd64/libzip.so
7f170e489000-7f170e689000 ---p 0001a000 08:02 5914053                    /usr/lib/jvm/java-8-oracle/jre/lib/amd64/libzip.so
7f170e689000-7f170e68a000 rw-p 0001a000 08:02 5914053                    /usr/lib/jvm/java-8-oracle/jre/lib/amd64/libzip.so
7f170e68a000-7f170e695000 r-xp 00000000 08:02 1314050                    /lib/x86_64-linux-gnu/libnss_files-2.23.so
7f170e695000-7f170e894000 ---p 0000b000 08:02 1314050                    /lib/x86_64-linux-gnu/libnss_files-2.23.so
7f170e894000-7f170e895000 r--p 0000a000 08:02 1314050                    /lib/x86_64-linux-gnu/libnss_files-2.23.so
7f170e895000-7f170e896000 rw-p 0000b000 08:02 1314050                    /lib/x86_64-linux-gnu/libnss_files-2.23.so
7f170e896000-7f170e89c000 rw-p 00000000 00:00 0 
7f170e89c000-7f170e8a7000 r-xp 00000000 08:02 1314053                    /lib/x86_64-linux-gnu/libnss_nis-2.23.so
7f170e8a7000-7f170eaa6000 ---p 0000b000 08:02 1314053                    /lib/x86_64-linux-gnu/libnss_nis-2.23.so
7f170eaa6000-7f170eaa7000 r--p 0000a000 08:02 1314053                    /lib/x86_64-linux-gnu/libnss_nis-2.23.so
7f170eaa7000-7f170eaa8000 rw-p 0000b000 08:02 1314053                    /lib/x86_64-linux-gnu/libnss_nis-2.23.so
7f170eaa8000-7f170eabe000 r-xp 00000000 08:02 1314046                    /lib/x86_64-linux-gnu/libnsl-2.23.so
7f170eabe000-7f170ecbd000 ---p 00016000 08:02 1314046                    /lib/x86_64-linux-gnu/libnsl-2.23.so
7f170ecbd000-7f170ecbe000 r--p 00015000 08:02 1314046                    /lib/x86_64-linux-gnu/libnsl-2.23.so
7f170ecbe000-7f170ecbf000 rw-p 00016000 08:02 1314046                    /lib/x86_64-linux-gnu/libnsl-2.23.so
7f170ecbf000-7f170ecc1000 rw-p 00000000 00:00 0 
7f170ecc1000-7f170ecc9000 r-xp 00000000 08:02 1314059                    /lib/x86_64-linux-gnu/libnss_compat-2.23.so
7f170ecc9000-7f170eec8000 ---p 00008000 08:02 1314059                    /lib/x86_64-linux-gnu/libnss_compat-2.23.so
7f170eec8000-7f170eec9000 r--p 00007000 08:02 1314059                    /lib/x86_64-linux-gnu/libnss_compat-2.23.so
7f170eec9000-7f170eeca000 rw-p 00008000 08:02 1314059                    /lib/x86_64-linux-gnu/libnss_compat-2.23.so
7f170eeca000-7f170f1a2000 r--p 00000000 08:02 5768058                    /usr/lib/locale/locale-archive
7f170f1a2000-7f170f1a4000 r-xp 00000000 08:02 5914061                    /usr/lib/jvm/java-8-oracle/jre/lib/amd64/libnpt.so
7f170f1a4000-7f170f3a4000 ---p 00002000 08:02 5914061                    /usr/lib/jvm/java-8-oracle/jre/lib/amd64/libnpt.so
7f170f3a4000-7f170f3a5000 rw-p 00002000 08:02 5914061                    /usr/lib/jvm/java-8-oracle/jre/lib/amd64/libnpt.so
7f170f3a5000-7f170f3de000 r-xp 00000000 08:02 5914027                    /usr/lib/jvm/java-8-oracle/jre/lib/amd64/libjdwp.so
7f170f3de000-7f170f5de000 ---p 00039000 08:02 5914027                    /usr/lib/jvm/java-8-oracle/jre/lib/amd64/libjdwp.so
7f170f5de000-7f170f5df000 rw-p 00039000 08:02 5914027                    /usr/lib/jvm/java-8-oracle/jre/lib/amd64/libjdwp.so
7f170f5df000-7f170f5e0000 rw-p 00000000 00:00 0 
7f170f5e0000-7f170f60b000 r-xp 00000000 08:02 5914078                    /usr/lib/jvm/java-8-oracle/jre/lib/amd64/libjava.so
7f170f60b000-7f170f80a000 ---p 0002b000 08:02 5914078                    /usr/lib/jvm/java-8-oracle/jre/lib/amd64/libjava.so
7f170f80a000-7f170f80c000 rw-p 0002a000 08:02 5914078                    /usr/lib/jvm/java-8-oracle/jre/lib/amd64/libjava.so
7f170f80c000-7f170f819000 r-xp 00000000 08:02 5914031                    /usr/lib/jvm/java-8-oracle/jre/lib/amd64/libverify.so
7f170f819000-7f170fa19000 ---p 0000d000 08:02 5914031                    /usr/lib/jvm/java-8-oracle/jre/lib/amd64/libverify.so
7f170fa19000-7f170fa1b000 rw-p 0000d000 08:02 5914031                    /usr/lib/jvm/java-8-oracle/jre/lib/amd64/libverify.so
7f170fa1b000-7f170fa22000 r-xp 00000000 08:02 1314055                    /lib/x86_64-linux-gnu/librt-2.23.so
7f170fa22000-7f170fc21000 ---p 00007000 08:02 1314055                    /lib/x86_64-linux-gnu/librt-2.23.so
7f170fc21000-7f170fc22000 r--p 00006000 08:02 1314055                    /lib/x86_64-linux-gnu/librt-2.23.so
7f170fc22000-7f170fc23000 rw-p 00007000 08:02 1314055                    /lib/x86_64-linux-gnu/librt-2.23.so
7f170fc23000-7f170fd2b000 r-xp 00000000 08:02 1314064                    /lib/x86_64-linux-gnu/libm-2.23.so
7f170fd2b000-7f170ff2a000 ---p 00108000 08:02 1314064                    /lib/x86_64-linux-gnu/libm-2.23.so
7f170ff2a000-7f170ff2b000 r--p 00107000 08:02 1314064                    /lib/x86_64-linux-gnu/libm-2.23.so
7f170ff2b000-7f170ff2c000 rw-p 00108000 08:02 1314064                    /lib/x86_64-linux-gnu/libm-2.23.so
7f170ff2c000-7f1710bff000 r-xp 00000000 08:02 5914088                    /usr/lib/jvm/java-8-oracle/jre/lib/amd64/server/libjvm.so
7f1710bff000-7f1710dfe000 ---p 00cd3000 08:02 5914088                    /usr/lib/jvm/java-8-oracle/jre/lib/amd64/server/libjvm.so
7f1710dfe000-7f1710ed8000 rw-p 00cd2000 08:02 5914088                    /usr/lib/jvm/java-8-oracle/jre/lib/amd64/server/libjvm.so
7f1710ed8000-7f1710f23000 rw-p 00000000 00:00 0 
7f1710f23000-7f17110e3000 r-xp 00000000 08:02 1314069                    /lib/x86_64-linux-gnu/libc-2.23.so
7f17110e3000-7f17112e3000 ---p 001c0000 08:02 1314069                    /lib/x86_64-linux-gnu/libc-2.23.so
7f17112e3000-7f17112e7000 r--p 001c0000 08:02 1314069                    /lib/x86_64-linux-gnu/libc-2.23.so
7f17112e7000-7f17112e9000 rw-p 001c4000 08:02 1314069                    /lib/x86_64-linux-gnu/libc-2.23.so
7f17112e9000-7f17112ed000 rw-p 00000000 00:00 0 
7f17112ed000-7f17112f0000 r-xp 00000000 08:02 1314058                    /lib/x86_64-linux-gnu/libdl-2.23.so
7f17112f0000-7f17114ef000 ---p 00003000 08:02 1314058                    /lib/x86_64-linux-gnu/libdl-2.23.so
7f17114ef000-7f17114f0000 r--p 00002000 08:02 1314058                    /lib/x86_64-linux-gnu/libdl-2.23.so
7f17114f0000-7f17114f1000 rw-p 00003000 08:02 1314058                    /lib/x86_64-linux-gnu/libdl-2.23.so
7f17114f1000-7f1711506000 r-xp 00000000 08:02 5914086                    /usr/lib/jvm/java-8-oracle/jre/lib/amd64/jli/libjli.so
7f1711506000-7f1711706000 ---p 00015000 08:02 5914086                    /usr/lib/jvm/java-8-oracle/jre/lib/amd64/jli/libjli.so
7f1711706000-7f1711707000 rw-p 00015000 08:02 5914086                    /usr/lib/jvm/java-8-oracle/jre/lib/amd64/jli/libjli.so
7f1711707000-7f171171f000 r-xp 00000000 08:02 1314052                    /lib/x86_64-linux-gnu/libpthread-2.23.so
7f171171f000-7f171191e000 ---p 00018000 08:02 1314052                    /lib/x86_64-linux-gnu/libpthread-2.23.so
7f171191e000-7f171191f000 r--p 00017000 08:02 1314052                    /lib/x86_64-linux-gnu/libpthread-2.23.so
7f171191f000-7f1711920000 rw-p 00018000 08:02 1314052                    /lib/x86_64-linux-gnu/libpthread-2.23.so
7f1711920000-7f1711924000 rw-p 00000000 00:00 0 
7f1711924000-7f171194a000 r-xp 00000000 08:02 1314047                    /lib/x86_64-linux-gnu/ld-2.23.so
7f171194a000-7f171194f000 r--s 0009a000 08:02 5913969                    /usr/lib/jvm/java-8-oracle/jre/lib/jsse.jar
7f171194f000-7f1711a1a000 rw-p 00000000 00:00 0 
7f1711a1a000-7f1711a1d000 ---p 00000000 00:00 0 
7f1711a1d000-7f1711b1f000 rw-p 00000000 00:00 0 
7f1711b23000-7f1711b26000 r--s 00015000 08:02 5773912                    /usr/share/bluej/userlib/pi4j-gpio-extension.jar
7f1711b26000-7f1711b27000 r--s 00004000 08:02 5773860                    /usr/share/bluej/userlib/pi4j-service.jar
7f1711b27000-7f1711b34000 r--s 000aa000 08:02 5542211                    /home/alan/Applications/Karel/KarelJRobot.jar
7f1711b34000-7f1711b35000 r--s 00000000 08:02 5780384                    /usr/share/bluej/lang-stride.jar
7f1711b35000-7f1711b37000 r--s 00009000 08:02 5780391                    /usr/share/bluej/hamcrest-core-1.3.jar
7f1711b37000-7f1711b3d000 r--s 00036000 08:02 5780389                    /usr/share/bluej/junit-4.11.jar
7f1711b3d000-7f1711b45000 rw-s 00000000 08:02 5111816                    /tmp/hsperfdata_alan/2816
7f1711b45000-7f1711b46000 rw-p 00000000 00:00 0 
7f1711b46000-7f1711b47000 r--p 00000000 00:00 0 
7f1711b47000-7f1711b49000 rw-p 00000000 00:00 0 
7f1711b49000-7f1711b4a000 r--p 00025000 08:02 1314047                    /lib/x86_64-linux-gnu/ld-2.23.so
7f1711b4a000-7f1711b4b000 rw-p 00026000 08:02 1314047                    /lib/x86_64-linux-gnu/ld-2.23.so
7f1711b4b000-7f1711b4c000 rw-p 00000000 00:00 0 
7ffc0a256000-7ffc0a277000 rw-p 00000000 00:00 0                          [stack]
7ffc0a2ff000-7ffc0a301000 r--p 00000000 00:00 0                          [vvar]
7ffc0a301000-7ffc0a303000 r-xp 00000000 00:00 0                          [vdso]
ffffffffff600000-ffffffffff601000 r-xp 00000000 00:00 0                  [vsyscall]

VM Arguments:
jvm_args: -ea -agentlib:jdwp=transport=dt_socket,address=127.0.0.1:36927 -Dfile.encoding=UTF-8 
java_command: bluej.runtime.ExecServer UTF-8
java_class_path (initial): /usr/share/bluej/bluejcore.jar:/usr/share/bluej/junit-4.11.jar:/usr/share/bluej/hamcrest-core-1.3.jar:/usr/share/bluej/lang-stride.jar:/home/alan/Applications/Karel/KarelJRobot.jar:/usr/share/bluej/userlib/pi4j-service.jar:/usr/share/bluej/userlib/pi4j-gpio-extension.jar:/usr/share/bluej/userlib/pi4j-core.jar:/usr/share/bluej/userlib/pi4j-device.jar
Launcher Type: SUN_STANDARD

Environment Variables:
JAVA_HOME=/usr/lib/jvm/java-8-oracle
PATH=/home/alan/bin:/home/alan/.local/bin:/usr/local/sbin:/usr/local/bin:/usr/sbin:/usr/bin:/sbin:/bin:/usr/games:/usr/local/games:/snap/bin:/usr/lib/jvm/java-8-oracle/bin:/usr/lib/jvm/java-8-oracle/db/bin:/usr/lib/jvm/java-8-oracle/jre/bin
SHELL=/bin/bash
DISPLAY=:0

Signal Handlers:
SIGSEGV: [libjvm.so+0xacba10], sa_mask[0]=11111111011111111101111111111110, sa_flags=SA_RESTART|SA_SIGINFO
SIGBUS: [libjvm.so+0xacba10], sa_mask[0]=11111111011111111101111111111110, sa_flags=SA_RESTART|SA_SIGINFO
SIGFPE: [libjvm.so+0x924ba0], sa_mask[0]=11111111011111111101111111111110, sa_flags=SA_RESTART|SA_SIGINFO
SIGPIPE: [libjvm.so+0x924ba0], sa_mask[0]=11111111011111111101111111111110, sa_flags=SA_RESTART|SA_SIGINFO
SIGXFSZ: [libjvm.so+0x924ba0], sa_mask[0]=11111111011111111101111111111110, sa_flags=SA_RESTART|SA_SIGINFO
SIGILL: [libjvm.so+0x924ba0], sa_mask[0]=11111111011111111101111111111110, sa_flags=SA_RESTART|SA_SIGINFO
SIGUSR1: SIG_DFL, sa_mask[0]=00000000000000000000000000000000, sa_flags=none
SIGUSR2: [libjvm.so+0x9263e0], sa_mask[0]=00100000000000000000000000000000, sa_flags=SA_RESTART|SA_SIGINFO
SIGHUP: [libjvm.so+0x9277e0], sa_mask[0]=11111111011111111101111111111110, sa_flags=SA_RESTART|SA_SIGINFO
SIGINT: [libjvm.so+0x9277e0], sa_mask[0]=11111111011111111101111111111110, sa_flags=SA_RESTART|SA_SIGINFO
SIGTERM: [libjvm.so+0x9277e0], sa_mask[0]=11111111011111111101111111111110, sa_flags=SA_RESTART|SA_SIGINFO
SIGQUIT: [libjvm.so+0x9277e0], sa_mask[0]=11111111011111111101111111111110, sa_flags=SA_RESTART|SA_SIGINFO


---------------  S Y S T E M  ---------------

OS:DISTRIB_ID=Ubuntu
DISTRIB_RELEASE=16.04
DISTRIB_CODENAME=xenial
DISTRIB_DESCRIPTION="Ubuntu 16.04.3 LTS"

uname:Linux 4.4.0-96-generic #119-Ubuntu SMP Tue Sep 12 14:59:54 UTC 2017 x86_64
libc:glibc 2.23 NPTL 2.23 
rlimit: STACK 8192k, CORE 0k, NPROC 31021, NOFILE 1048576, AS infinity
load average:0.57 0.51 0.21

/proc/meminfo:
MemTotal:        8051076 kB
MemFree:         5470956 kB
MemAvailable:    6099612 kB
Buffers:           91568 kB
Cached:          1120908 kB
SwapCached:            0 kB
Active:          1562444 kB
Inactive:         815216 kB
Active(anon):    1166984 kB
Inactive(anon):   388964 kB
Active(file):     395460 kB
Inactive(file):   426252 kB
Unevictable:          64 kB
Mlocked:              64 kB
SwapTotal:       8265724 kB
SwapFree:        8265724 kB
Dirty:                 0 kB
Writeback:             0 kB
AnonPages:       1155192 kB
Mapped:           286080 kB
Shmem:            390460 kB
Slab:             100848 kB
SReclaimable:      55576 kB
SUnreclaim:        45272 kB
KernelStack:        9664 kB
PageTables:        31728 kB
NFS_Unstable:          0 kB
Bounce:                0 kB
WritebackTmp:          0 kB
CommitLimit:    12291260 kB
Committed_AS:    4363724 kB
VmallocTotal:   34359738367 kB
VmallocUsed:           0 kB
VmallocChunk:          0 kB
HardwareCorrupted:     0 kB
AnonHugePages:    368640 kB
CmaTotal:              0 kB
CmaFree:               0 kB
HugePages_Total:       0
HugePages_Free:        0
HugePages_Rsvd:        0
HugePages_Surp:        0
Hugepagesize:       2048 kB
DirectMap4k:      130112 kB
DirectMap2M:     8136704 kB


CPU:total 8 (initial active 8) (4 cores per cpu, 2 threads per core) family 6 model 42 stepping 7, cmov, cx8, fxsr, mmx, sse, sse2, sse3, ssse3, sse4.1, sse4.2, popcnt, avx, aes, clmul, ht, tsc, tscinvbit

/proc/cpuinfo:
processor	: 0
vendor_id	: GenuineIntel
cpu family	: 6
model		: 42
model name	: Intel(R) Core(TM) i7-2760QM CPU @ 2.40GHz
stepping	: 7
microcode	: 0x29
cpu MHz		: 2792.062
cache size	: 6144 KB
physical id	: 0
siblings	: 8
core id		: 0
cpu cores	: 4
apicid		: 0
initial apicid	: 0
fpu		: yes
fpu_exception	: yes
cpuid level	: 13
wp		: yes
flags		: fpu vme de pse tsc msr pae mce cx8 apic sep mtrr pge mca cmov pat pse36 clflush dts acpi mmx fxsr sse sse2 ss ht tm pbe syscall nx rdtscp lm constant_tsc arch_perfmon pebs bts rep_good nopl xtopology nonstop_tsc aperfmperf eagerfpu pni pclmulqdq dtes64 monitor ds_cpl vmx smx est tm2 ssse3 cx16 xtpr pdcm pcid sse4_1 sse4_2 x2apic popcnt tsc_deadline_timer aes xsave avx lahf_lm epb tpr_shadow vnmi flexpriority ept vpid xsaveopt dtherm ida arat pln pts
bugs		:
bogomips	: 4789.21
clflush size	: 64
cache_alignment	: 64
address sizes	: 36 bits physical, 48 bits virtual
power management:

processor	: 1
vendor_id	: GenuineIntel
cpu family	: 6
model		: 42
model name	: Intel(R) Core(TM) i7-2760QM CPU @ 2.40GHz
stepping	: 7
microcode	: 0x29
cpu MHz		: 2790.187
cache size	: 6144 KB
physical id	: 0
siblings	: 8
core id		: 1
cpu cores	: 4
apicid		: 2
initial apicid	: 2
fpu		: yes
fpu_exception	: yes
cpuid level	: 13
wp		: yes
flags		: fpu vme de pse tsc msr pae mce cx8 apic sep mtrr pge mca cmov pat pse36 clflush dts acpi mmx fxsr sse sse2 ss ht tm pbe syscall nx rdtscp lm constant_tsc arch_perfmon pebs bts rep_good nopl xtopology nonstop_tsc aperfmperf eagerfpu pni pclmulqdq dtes64 monitor ds_cpl vmx smx est tm2 ssse3 cx16 xtpr pdcm pcid sse4_1 sse4_2 x2apic popcnt tsc_deadline_timer aes xsave avx lahf_lm epb tpr_shadow vnmi flexpriority ept vpid xsaveopt dtherm ida arat pln pts
bugs		:
bogomips	: 4789.21
clflush size	: 64
cache_alignment	: 64
address sizes	: 36 bits physical, 48 bits virtual
power management:

processor	: 2
vendor_id	: GenuineIntel
cpu family	: 6
model		: 42
model name	: Intel(R) Core(TM) i7-2760QM CPU @ 2.40GHz
stepping	: 7
microcode	: 0x29
cpu MHz		: 2827.031
cache size	: 6144 KB
physical id	: 0
siblings	: 8
core id		: 2
cpu cores	: 4
apicid		: 4
initial apicid	: 4
fpu		: yes
fpu_exception	: yes
cpuid level	: 13
wp		: yes
flags		: fpu vme de pse tsc msr pae mce cx8 apic sep mtrr pge mca cmov pat pse36 clflush dts acpi mmx fxsr sse sse2 ss ht tm pbe syscall nx rdtscp lm constant_tsc arch_perfmon pebs bts rep_good nopl xtopology nonstop_tsc aperfmperf eagerfpu pni pclmulqdq dtes64 monitor ds_cpl vmx smx est tm2 ssse3 cx16 xtpr pdcm pcid sse4_1 sse4_2 x2apic popcnt tsc_deadline_timer aes xsave avx lahf_lm epb tpr_shadow vnmi flexpriority ept vpid xsaveopt dtherm ida arat pln pts
bugs		:
bogomips	: 4789.21
clflush size	: 64
cache_alignment	: 64
address sizes	: 36 bits physical, 48 bits virtual
power management:

processor	: 3
vendor_id	: GenuineIntel
cpu family	: 6
model		: 42
model name	: Intel(R) Core(TM) i7-2760QM CPU @ 2.40GHz
stepping	: 7
microcode	: 0x29
cpu MHz		: 2826.843
cache size	: 6144 KB
physical id	: 0
siblings	: 8
core id		: 3
cpu cores	: 4
apicid		: 6
initial apicid	: 6
fpu		: yes
fpu_exception	: yes
cpuid level	: 13
wp		: yes
flags		: fpu vme de pse tsc msr pae mce cx8 apic sep mtrr pge mca cmov pat pse36 clflush dts acpi mmx fxsr sse sse2 ss ht tm pbe syscall nx rdtscp lm constant_tsc arch_perfmon pebs bts rep_good nopl xtopology nonstop_tsc aperfmperf eagerfpu pni pclmulqdq dtes64 monitor ds_cpl vmx smx est tm2 ssse3 cx16 xtpr pdcm pcid sse4_1 sse4_2 x2apic popcnt tsc_deadline_timer aes xsave avx lahf_lm epb tpr_shadow vnmi flexpriority ept vpid xsaveopt dtherm ida arat pln pts
bugs		:
bogomips	: 4789.21
clflush size	: 64
cache_alignment	: 64
address sizes	: 36 bits physical, 48 bits virtual
power management:

processor	: 4
vendor_id	: GenuineIntel
cpu family	: 6
model		: 42
model name	: Intel(R) Core(TM) i7-2760QM CPU @ 2.40GHz
stepping	: 7
microcode	: 0x29
cpu MHz		: 2820.937
cache size	: 6144 KB
physical id	: 0
siblings	: 8
core id		: 0
cpu cores	: 4
apicid		: 1
initial apicid	: 1
fpu		: yes
fpu_exception	: yes
cpuid level	: 13
wp		: yes
flags		: fpu vme de pse tsc msr pae mce cx8 apic sep mtrr pge mca cmov pat pse36 clflush dts acpi mmx fxsr sse sse2 ss ht tm pbe syscall nx rdtscp lm constant_tsc arch_perfmon pebs bts rep_good nopl xtopology nonstop_tsc aperfmperf eagerfpu pni pclmulqdq dtes64 monitor ds_cpl vmx smx est tm2 ssse3 cx16 xtpr pdcm pcid sse4_1 sse4_2 x2apic popcnt tsc_deadline_timer aes xsave avx lahf_lm epb tpr_shadow vnmi flexpriority ept vpid xsaveopt dtherm ida arat pln pts
bugs		:
bogomips	: 4789.21
clflush size	: 64
cache_alignment	: 64
address sizes	: 36 bits physical, 48 bits virtual
power management:

processor	: 5
vendor_id	: GenuineIntel
cpu family	: 6
model		: 42
model name	: Intel(R) Core(TM) i7-2760QM CPU @ 2.40GHz
stepping	: 7
microcode	: 0x29
cpu MHz		: 2798.906
cache size	: 6144 KB
physical id	: 0
siblings	: 8
core id		: 1
cpu cores	: 4
apicid		: 3
initial apicid	: 3
fpu		: yes
fpu_exception	: yes
cpuid level	: 13
wp		: yes
flags		: fpu vme de pse tsc msr pae mce cx8 apic sep mtrr pge mca cmov pat pse36 clflush dts acpi mmx fxsr sse sse2 ss ht tm pbe syscall nx rdtscp lm constant_tsc arch_perfmon pebs bts rep_good nopl xtopology nonstop_tsc aperfmperf eagerfpu pni pclmulqdq dtes64 monitor ds_cpl vmx smx est tm2 ssse3 cx16 xtpr pdcm pcid sse4_1 sse4_2 x2apic popcnt tsc_deadline_timer aes xsave avx lahf_lm epb tpr_shadow vnmi flexpriority ept vpid xsaveopt dtherm ida arat pln pts
bugs		:
bogomips	: 4789.21
clflush size	: 64
cache_alignment	: 64
address sizes	: 36 bits physical, 48 bits virtual
power management:

processor	: 6
vendor_id	: GenuineIntel
cpu family	: 6
model		: 42
model name	: Intel(R) Core(TM) i7-2760QM CPU @ 2.40GHz
stepping	: 7
microcode	: 0x29
cpu MHz		: 2838.937
cache size	: 6144 KB
physical id	: 0
siblings	: 8
core id		: 2
cpu cores	: 4
apicid		: 5
initial apicid	: 5
fpu		: yes
fpu_exception	: yes
cpuid level	: 13
wp		: yes
flags		: fpu vme de pse tsc msr pae mce cx8 apic sep mtrr pge mca cmov pat pse36 clflush dts acpi mmx fxsr sse sse2 ss ht tm pbe syscall nx rdtscp lm constant_tsc arch_perfmon pebs bts rep_good nopl xtopology nonstop_tsc aperfmperf eagerfpu pni pclmulqdq dtes64 monitor ds_cpl vmx smx est tm2 ssse3 cx16 xtpr pdcm pcid sse4_1 sse4_2 x2apic popcnt tsc_deadline_timer aes xsave avx lahf_lm epb tpr_shadow vnmi flexpriority ept vpid xsaveopt dtherm ida arat pln pts
bugs		:
bogomips	: 4789.21
clflush size	: 64
cache_alignment	: 64
address sizes	: 36 bits physical, 48 bits virtual
power management:

processor	: 7
vendor_id	: GenuineIntel
cpu family	: 6
model		: 42
model name	: Intel(R) Core(TM) i7-2760QM CPU @ 2.40GHz
stepping	: 7
microcode	: 0x29
cpu MHz		: 2798.906
cache size	: 6144 KB
physical id	: 0
siblings	: 8
core id		: 3
cpu cores	: 4
apicid		: 7
initial apicid	: 7
fpu		: yes
fpu_exception	: yes
cpuid level	: 13
wp		: yes
flags		: fpu vme de pse tsc msr pae mce cx8 apic sep mtrr pge mca cmov pat pse36 clflush dts acpi mmx fxsr sse sse2 ss ht tm pbe syscall nx rdtscp lm constant_tsc arch_perfmon pebs bts rep_good nopl xtopology nonstop_tsc aperfmperf eagerfpu pni pclmulqdq dtes64 monitor ds_cpl vmx smx est tm2 ssse3 cx16 xtpr pdcm pcid sse4_1 sse4_2 x2apic popcnt tsc_deadline_timer aes xsave avx lahf_lm epb tpr_shadow vnmi flexpriority ept vpid xsaveopt dtherm ida arat pln pts
bugs		:
bogomips	: 4789.21
clflush size	: 64
cache_alignment	: 64
address sizes	: 36 bits physical, 48 bits virtual
power management:



Memory: 4k page, physical 8051076k(5476596k free), swap 8265724k(8265724k free)

vm_info: Java HotSpot(TM) 64-Bit Server VM (25.144-b01) for linux-amd64 JRE (1.8.0_144-b01), built on Jul 21 2017 21:57:33 by "java_re" with gcc 4.3.0 20080428 (Red Hat 4.3.0-8)

time: Tue Sep 26 14:15:09 2017
elapsed time: 26 seconds (0d 0h 0m 26s)

